# JRE version: Java(TM) SE Runtime Environment (8.0_45-b14) (build 1.8.0_45-b14)
# Java VM: Java HotSpot(TM) 64-Bit Server VM (25.45-b02 mixed mode windows-amd64 compressed oops)
Heap:
 PSYoungGen      total 7168K, used 7159K [0x00000000eb580000, 0x00000000ec680000, 0x0000000100000000)
  eden space 5632K, 100% used [0x00000000eb580000,0x00000000ebb00000,0x00000000ebb00000)
  from space 1536K, 99% used [0x00000000ebb00000,0x00000000ebc7ddc8,0x00000000ebc80000)
  to   space 3072K, 96% used [0x00000000ec380000,0x00000000ec665db8,0x00000000ec680000)
 ParOldGen       total 5632K, used 3676K [0x00000000c2000000, 0x00000000c2580000, 0x00000000eb580000)
  object space 5632K, 65% used [0x00000000c2000000,0x00000000c2397198,0x00000000c2580000)
 Metaspace       used 7411K, capacity 8180K, committed 8448K, reserved 1056768K
  class space    used 890K, capacity 944K, committed 1024K, reserved 1048576K
GC Heap History (10 events):
Event: 0.317 GC heap after
Heap after GC invocations=3 (full 0):
 PSYoungGen      total 2048K, used 496K [0x00000000eb580000, 0x00000000eb980000, 0x0000000100000000)
  eden space 1536K, 0% used [0x00000000eb580000,0x00000000eb580000,0x00000000eb700000)
  from space 512K, 96% used [0x00000000eb700000,0x00000000eb77c020,0x00000000eb780000)
  to   space 512K, 0% used [0x00000000eb900000,0x00000000eb900000,0x00000000eb980000)
 ParOldGen       total 5632K, used 632K [0x00000000c2000000, 0x00000000c2580000, 0x00000000eb580000)
  object space 5632K, 11% used [0x00000000c2000000,0x00000000c209e060,0x00000000c2580000)
 Metaspace       used 4450K, capacity 5772K, committed 6016K, reserved 1056768K
  class space    used 544K, capacity 584K, committed 640K, reserved 1048576K
}
Event: 0.358 GC heap before
{Heap before GC invocations=4 (full 0):
 PSYoungGen      total 2048K, used 2022K [0x00000000eb580000, 0x00000000eb980000, 0x0000000100000000)
  eden space 1536K, 99% used [0x00000000eb580000,0x00000000eb6fd8e0,0x00000000eb700000)
  from space 512K, 96% used [0x00000000eb700000,0x00000000eb77c020,0x00000000eb780000)
  to   space 512K, 0% used [0x00000000eb900000,0x00000000eb900000,0x00000000eb980000)
 ParOldGen       total 5632K, used 632K [0x00000000c2000000, 0x00000000c2580000, 0x00000000eb580000)
  object space 5632K, 11% used [0x00000000c2000000,0x00000000c209e060,0x00000000c2580000)
 Metaspace       used 4935K, capacity 6220K, committed 6400K, reserved 1056768K
  class space    used 604K, capacity 648K, committed 768K, reserved 1048576K
Event: 0.359 GC heap after
Heap after GC invocations=4 (full 0):
 PSYoungGen      total 3584K, used 495K [0x00000000eb580000, 0x00000000eb980000, 0x0000000100000000)
  eden space 3072K, 0% used [0x00000000eb580000,0x00000000eb580000,0x00000000eb880000)
  from space 512K, 96% used [0x00000000eb900000,0x00000000eb97bc30,0x00000000eb980000)
  to   space 512K, 0% used [0x00000000eb880000,0x00000000eb880000,0x00000000eb900000)
 ParOldGen       total 5632K, used 772K [0x00000000c2000000, 0x00000000c2580000, 0x00000000eb580000)
  object space 5632K, 13% used [0x00000000c2000000,0x00000000c20c1070,0x00000000c2580000)
 Metaspace       used 4935K, capacity 6220K, committed 6400K, reserved 1056768K
  class space    used 604K, capacity 648K, committed 768K, reserved 1048576K
}
Event: 0.463 GC heap before
{Heap before GC invocations=5 (full 0):
 PSYoungGen      total 3584K, used 3567K [0x00000000eb580000, 0x00000000eb980000, 0x0000000100000000)
  eden space 3072K, 100% used [0x00000000eb580000,0x00000000eb880000,0x00000000eb880000)
  from space 512K, 96% used [0x00000000eb900000,0x00000000eb97bc30,0x00000000eb980000)
  to   space 512K, 0% used [0x00000000eb880000,0x00000000eb880000,0x00000000eb900000)
 ParOldGen       total 5632K, used 772K [0x00000000c2000000, 0x00000000c2580000, 0x00000000eb580000)
  object space 5632K, 13% used [0x00000000c2000000,0x00000000c20c1070,0x00000000c2580000)
 Metaspace       used 6038K, capacity 7180K, committed 7552K, reserved 1056768K
  class space    used 751K, capacity 776K, committed 896K, reserved 1048576K
Event: 0.464 GC heap after
Heap after GC invocations=5 (full 0):
 PSYoungGen      total 3584K, used 496K [0x00000000eb580000, 0x00000000ebd80000, 0x0000000100000000)
  eden space 3072K, 0% used [0x00000000eb580000,0x00000000eb580000,0x00000000eb880000)
  from space 512K, 96% used [0x00000000eb880000,0x00000000eb8fc020,0x00000000eb900000)
  to   space 1024K, 0% used [0x00000000ebc80000,0x00000000ebc80000,0x00000000ebd80000)
 ParOldGen       total 5632K, used 1055K [0x00000000c2000000, 0x00000000c2580000, 0x00000000eb580000)
  object space 5632K, 18% used [0x00000000c2000000,0x00000000c2107f68,0x00000000c2580000)
 Metaspace       used 6038K, capacity 7180K, committed 7552K, reserved 1056768K
  class space    used 751K, capacity 776K, committed 896K, reserved 1048576K
}
Event: 1.705 GC heap before
{Heap before GC invocations=6 (full 0):
 PSYoungGen      total 3584K, used 3540K [0x00000000eb580000, 0x00000000ebd80000, 0x0000000100000000)
  eden space 3072K, 99% used [0x00000000eb580000,0x00000000eb879170,0x00000000eb880000)
  from space 512K, 96% used [0x00000000eb880000,0x00000000eb8fc020,0x00000000eb900000)
  to   space 1024K, 0% used [0x00000000ebc80000,0x00000000ebc80000,0x00000000ebd80000)
 ParOldGen       total 5632K, used 1055K [0x00000000c2000000, 0x00000000c2580000, 0x00000000eb580000)
  object space 5632K, 18% used [0x00000000c2000000,0x00000000c2107f68,0x00000000c2580000)
 Metaspace       used 7282K, capacity 8084K, committed 8448K, reserved 1056768K
  class space    used 882K, capacity 912K, committed 1024K, reserved 1048576K
Event: 1.709 GC heap after
Heap after GC invocations=6 (full 0):
 PSYoungGen      total 6656K, used 1008K [0x00000000eb580000, 0x00000000ebe80000, 0x0000000100000000)
  eden space 5632K, 0% used [0x00000000eb580000,0x00000000eb580000,0x00000000ebb00000)
  from space 1024K, 98% used [0x00000000ebc80000,0x00000000ebd7c020,0x00000000ebd80000)
  to   space 1536K, 0% used [0x00000000ebb00000,0x00000000ebb00000,0x00000000ebc80000)
 ParOldGen       total 5632K, used 1276K [0x00000000c2000000, 0x00000000c2580000, 0x00000000eb580000)
  object space 5632K, 22% used [0x00000000c2000000,0x00000000c213f168,0x00000000c2580000)
 Metaspace       used 7282K, capacity 8084K, committed 8448K, reserved 1056768K
  class space    used 882K, capacity 912K, committed 1024K, reserved 1048576K
}
Event: 1.891 GC heap before
{Heap before GC invocations=7 (full 0):
 PSYoungGen      total 6656K, used 6221K [0x00000000eb580000, 0x00000000ebe80000, 0x0000000100000000)
  eden space 5632K, 92% used [0x00000000eb580000,0x00000000eba97608,0x00000000ebb00000)
  from space 1024K, 98% used [0x00000000ebc80000,0x00000000ebd7c020,0x00000000ebd80000)
  to   space 1536K, 0% used [0x00000000ebb00000,0x00000000ebb00000,0x00000000ebc80000)
 ParOldGen       total 5632K, used 1276K [0x00000000c2000000, 0x00000000c2580000, 0x00000000eb580000)
  object space 5632K, 22% used [0x00000000c2000000,0x00000000c213f168,0x00000000c2580000)
 Metaspace       used 7303K, capacity 8084K, committed 8448K, reserved 1056768K
  class space    used 883K, capacity 912K, committed 1024K, reserved 1048576K
Event: 1.895 GC heap after
Heap after GC invocations=7 (full 0):
 PSYoungGen      total 7168K, used 1527K [0x00000000eb580000, 0x00000000ec680000, 0x0000000100000000)
  eden space 5632K, 0% used [0x00000000eb580000,0x00000000eb580000,0x00000000ebb00000)
  from space 1536K, 99% used [0x00000000ebb00000,0x00000000ebc7ddc8,0x00000000ebc80000)
  to   space 3072K, 0% used [0x00000000ec380000,0x00000000ec380000,0x00000000ec680000)
 ParOldGen       total 5632K, used 3436K [0x00000000c2000000, 0x00000000c2580000, 0x00000000eb580000)
  object space 5632K, 61% used [0x00000000c2000000,0x00000000c235b188,0x00000000c2580000)
 Metaspace       used 7303K, capacity 8084K, committed 8448K, reserved 1056768K
  class space    used 883K, capacity 912K, committed 1024K, reserved 1048576K
}
Event: 1.960 GC heap before
{Heap before GC invocations=8 (full 0):
 PSYoungGen      total 7168K, used 7159K [0x00000000eb580000, 0x00000000ec680000, 0x0000000100000000)
  eden space 5632K, 100% used [0x00000000eb580000,0x00000000ebb00000,0x00000000ebb00000)
  from space 1536K, 99% used [0x00000000ebb00000,0x00000000ebc7ddc8,0x00000000ebc80000)
  to   space 3072K, 0% used [0x00000000ec380000,0x00000000ec380000,0x00000000ec680000)
 ParOldGen       total 5632K, used 3436K [0x00000000c2000000, 0x00000000c2580000, 0x00000000eb580000)
  object space 5632K, 61% used [0x00000000c2000000,0x00000000c235b188,0x00000000c2580000)
 Metaspace       used 7411K, capacity 8180K, committed 8448K, reserved 1056768K
  class space    used 890K, capacity 944K, committed 1024K, reserved 1048576K

